Library/Bee/Android/Prj/Mono2x/Gradle/launcher/build/intermediates/manifest_merge_blame_file/release/manifest-merger-blame-release-report.txt
1<?xml version="1.0" encoding="utf-8"?>
2<manifest xmlns:android="http://schemas.android.com/apk/res/android"
3    package="com.IvanTrilla.DriveToSurvive"
4    android:installLocation="preferExternal"
5    android:versionCode="1"
6    android:versionName="0.1" >
7
8    <uses-sdk
9        android:minSdkVersion="24"
9-->src\main\AndroidManifest.xml
10        android:targetSdkVersion="32" />
10-->src\main\AndroidManifest.xml
11
12    <supports-screens
12-->src\main\AndroidManifest.xml:4:3-163
13        android:anyDensity="true"
13-->src\main\AndroidManifest.xml:4:135-160
14        android:largeScreens="true"
14-->src\main\AndroidManifest.xml:4:78-105
15        android:normalScreens="true"
15-->src\main\AndroidManifest.xml:4:49-77
16        android:smallScreens="true"
16-->src\main\AndroidManifest.xml:4:21-48
17        android:xlargeScreens="true" />
17-->src\main\AndroidManifest.xml:4:106-134
18
19    <uses-permission android:name="android.permission.INTERNET" />
19-->[:unityLibrary] AndroidManifest.xml:10:5-67
19-->[:unityLibrary] AndroidManifest.xml:10:22-64
20
21    <uses-feature android:glEsVersion="0x00030000" />
21-->[:unityLibrary] AndroidManifest.xml:12:5-54
21-->[:unityLibrary] AndroidManifest.xml:12:19-51
22    <uses-feature
22-->[:unityLibrary] AndroidManifest.xml:13:5-15:36
23        android:name="android.hardware.vulkan.version"
23-->[:unityLibrary] AndroidManifest.xml:14:9-55
24        android:required="false" />
24-->[:unityLibrary] AndroidManifest.xml:15:9-33
25    <uses-feature
25-->[:unityLibrary] AndroidManifest.xml:16:5-18:36
26        android:name="android.hardware.sensor.accelerometer"
26-->[:unityLibrary] AndroidManifest.xml:17:9-61
27        android:required="false" />
27-->[:unityLibrary] AndroidManifest.xml:18:9-33
28    <uses-feature
28-->[:unityLibrary] AndroidManifest.xml:19:5-21:36
29        android:name="android.hardware.touchscreen"
29-->[:unityLibrary] AndroidManifest.xml:20:9-52
30        android:required="false" />
30-->[:unityLibrary] AndroidManifest.xml:21:9-33
31    <uses-feature
31-->[:unityLibrary] AndroidManifest.xml:22:5-24:36
32        android:name="android.hardware.touchscreen.multitouch"
32-->[:unityLibrary] AndroidManifest.xml:23:9-63
33        android:required="false" />
33-->[:unityLibrary] AndroidManifest.xml:24:9-33
34    <uses-feature
34-->[:unityLibrary] AndroidManifest.xml:25:5-27:36
35        android:name="android.hardware.touchscreen.multitouch.distinct"
35-->[:unityLibrary] AndroidManifest.xml:26:9-72
36        android:required="false" />
36-->[:unityLibrary] AndroidManifest.xml:27:9-33
37
38    <uses-permission android:name="android.permission.RECORD_AUDIO" />
38-->[:UnitySpeechRecognizer:] AndroidManifest.xml:11:5-71
38-->[:UnitySpeechRecognizer:] AndroidManifest.xml:11:22-68
39
40    <application
40-->src\main\AndroidManifest.xml:3:3-83
41        android:allowBackup="true"
41-->[:UnitySpeechRecognizer:] AndroidManifest.xml:14:9-35
42        android:appComponentFactory="androidx.core.app.CoreComponentFactory"
42-->[:core-1.3.1:] AndroidManifest.xml:24:18-86
43        android:extractNativeLibs="true"
43-->[:unityLibrary] AndroidManifest.xml:29:18-50
44        android:icon="@mipmap/app_icon"
44-->src\main\AndroidManifest.xml:3:49-80
45        android:label="@string/app_name"
45-->src\main\AndroidManifest.xml:3:16-48
46        android:supportsRtl="true" >
46-->[:UnitySpeechRecognizer:] AndroidManifest.xml:15:9-35
47        <meta-data
47-->[:unityLibrary] AndroidManifest.xml:30:9-32:33
48            android:name="unity.splash-mode"
48-->[:unityLibrary] AndroidManifest.xml:31:13-45
49            android:value="0" />
49-->[:unityLibrary] AndroidManifest.xml:32:13-30
50        <meta-data
50-->[:unityLibrary] AndroidManifest.xml:33:9-35:36
51            android:name="unity.splash-enable"
51-->[:unityLibrary] AndroidManifest.xml:34:13-47
52            android:value="True" />
52-->[:unityLibrary] AndroidManifest.xml:35:13-33
53        <meta-data
53-->[:unityLibrary] AndroidManifest.xml:36:9-38:36
54            android:name="unity.launch-fullscreen"
54-->[:unityLibrary] AndroidManifest.xml:37:13-51
55            android:value="True" />
55-->[:unityLibrary] AndroidManifest.xml:38:13-33
56        <meta-data
56-->[:unityLibrary] AndroidManifest.xml:39:9-41:50
57            android:name="notch.config"
57-->[:unityLibrary] AndroidManifest.xml:40:13-40
58            android:value="portrait|landscape" />
58-->[:unityLibrary] AndroidManifest.xml:41:13-47
59        <meta-data
59-->[:unityLibrary] AndroidManifest.xml:42:9-44:36
60            android:name="unity.auto-report-fully-drawn"
60-->[:unityLibrary] AndroidManifest.xml:43:13-57
61            android:value="true" />
61-->[:unityLibrary] AndroidManifest.xml:44:13-33
62
63        <activity
63-->[:unityLibrary] AndroidManifest.xml:46:9-67:20
64            android:name="com.unity3d.player.UnityPlayerActivity"
64-->[:unityLibrary] AndroidManifest.xml:47:13-66
65            android:configChanges="mcc|mnc|locale|touchscreen|keyboard|keyboardHidden|navigation|orientation|screenLayout|uiMode|screenSize|smallestScreenSize|fontScale|layoutDirection|density"
65-->[:unityLibrary] AndroidManifest.xml:48:13-194
66            android:exported="true"
66-->[:unityLibrary] AndroidManifest.xml:49:13-36
67            android:hardwareAccelerated="false"
67-->[:unityLibrary] AndroidManifest.xml:50:13-48
68            android:launchMode="singleTask"
68-->[:unityLibrary] AndroidManifest.xml:51:13-44
69            android:resizeableActivity="false"
69-->[:unityLibrary] AndroidManifest.xml:52:13-47
70            android:screenOrientation="landscape"
70-->[:unityLibrary] AndroidManifest.xml:53:13-50
71            android:theme="@style/UnityThemeSelector" >
71-->[:unityLibrary] AndroidManifest.xml:54:13-54
72            <intent-filter>
72-->[:unityLibrary] AndroidManifest.xml:55:13-59:29
73                <category android:name="android.intent.category.LAUNCHER" />
73-->[:unityLibrary] AndroidManifest.xml:56:17-77
73-->[:unityLibrary] AndroidManifest.xml:56:27-74
74
75                <action android:name="android.intent.action.MAIN" />
75-->[:unityLibrary] AndroidManifest.xml:58:17-69
75-->[:unityLibrary] AndroidManifest.xml:58:25-66
76            </intent-filter>
77
78            <meta-data
78-->[:unityLibrary] AndroidManifest.xml:61:13-63:40
79                android:name="unityplayer.UnityActivity"
79-->[:unityLibrary] AndroidManifest.xml:62:17-57
80                android:value="true" />
80-->[:unityLibrary] AndroidManifest.xml:63:17-37
81            <meta-data
81-->[:unityLibrary] AndroidManifest.xml:64:13-66:40
82                android:name="notch_support"
82-->[:unityLibrary] AndroidManifest.xml:65:17-45
83                android:value="true" />
83-->[:unityLibrary] AndroidManifest.xml:66:17-37
84        </activity>
85    </application>
86
87</manifest>